MPASM 5.82              JUEGO5X5_ESCLAVO.ASM   11-13-2018  0:07:54         PAGE  1


LOC  OBJECT CODE     LINE SOURCE TEXT
  VALUE

                      00001 ;Programa del pic esclavo I2C
                      00002 ;Se manejan interrupciones I2C
                      00003         
                      00004 
                      00005 ;FALTANTE!!!!
                      00006         
                      00007         ;MANEJAR LOS ERRORES EN I2C
                      00008         
                      00009         LIST   P=PIC16F887
                      00010         ;List p=16f887
                      00011         #include <p16f887.inc>
                      00001         LIST
                      00002 
                      00003 ;==========================================================================
                      00004 ; Build date : Sep 19 2018
                      00005 ;  MPASM PIC16F887 processor include
                      00006 ; 
                      00007 ;  (c) Copyright 1999-2018 Microchip Technology, All rights reserved
                      00008 ;==========================================================================
                      00009 
                      00810         LIST
                      00012         ;
                      00013         
                      00014         
2007   20F4           00015         __CONFIG H'2007', H'3FFC' & H'3FF7' & H'3FFF' & H'3FFF' & H'3FFF' & H'3FFF' & H'3CFF' & H'3BFF' 
                            & H'37FF' & H'2FFF' & H'3FFF'
2008   3EFF           00016         __CONFIG H'2008', H'3EFF' & H'3FFF'     
                      00017 
                      00018 ;===============================================================================
                      00019 ;             Definicion de las macros para cambiar de bancos
                      00020 ;===============================================================================
                      00021 BANK0   MACRO
                      00022         BCF STATUS,5 ;PUERTO DPUERTO D
                      00023         BCF STATUS,6
                      00024         ENDM
                      00025 BANK1   MACRO
                      00026         BSF STATUS,5
                      00027         BCF STATUS,6
                      00028         ENDM
                      00029 BANK2   MACRO
                      00030         BCF STATUS,5
                      00031         BSF STATUS,6
                      00032         ENDM
                      00033 BANK3   MACRO
                      00034         BSF STATUS,5
                      00035         BSF STATUS,6
                      00036         ENDM
                      00037         
                      00038 ClSPort MACRO
                      00039         BANK0
                      00040         CLRF PORTC
                      00041         CLRF PORTB
                      00042         CLRF PORTA
MPASM 5.82              JUEGO5X5_ESCLAVO.ASM   11-13-2018  0:07:54         PAGE  2


LOC  OBJECT CODE     LINE SOURCE TEXT
  VALUE

                      00043         CLRF PORTD
                      00044         CLRF PORTE
                      00045         ENDM
                      00046         
                      00047 DigPort MACRO
                      00048         BANK3
                      00049         CLRF ANSEL
                      00050         CLRF ANSELH
                      00051         ENDM    
                      00052         
  00000020            00053 ROTABOM     EQU  0X20
                      00054             
  00000021            00055 DATO        EQU  0X21       
  00000022            00056 DATO1       EQU  0X22
  00000023            00057 DATO2       EQU  0X23
  00000024            00058 DATO4       EQU  0X24
                      00059 
  00000071            00060 CONTA_1     EQU 0x71
  00000072            00061 CONTA_2     EQU 0x72
  00000073            00062 CONTA_3     EQU 0x73     
                      00063  
                      00064 ;$$$$$$$$$$$$$$$$$$$$$$$$$$$$$$$$$$$$$$$$$$$$$$$$$$$$$$$$$$$$$$$$$$$$$$$$$$$$$$$        
                      00065 ;$$$$$$$$$$$$$$$$$$$$$$$$$$$$$$$$$$$$$$$$$$$$$$$$$$$$$$$$$$$$$$$$$$$$$$$$$$$$$$$        
                      00066 ;$$$$$$$$$$$$$$$$$$$$$$$$$$$$$$$$$$$$$$$$$$$$$$$$$$$$$$$$$$$$$$$$$$$$$$$$$$$$$$$        
                      00067 ;$$$$$$$$$$$$$$$$$$$$$$$$$$$$$$$$$$$$$$$$$$$$$$$$$$$$$$$$$$$$$$$$$$$$$$$$$$$$$$$
                      00068         
                      00069         ORG H'0'
0000   2???           00070         GOTO INICIO
                      00071         
                      00072         ORG 0x04
                      00073 salt    BANK0
0004   1283               M         BCF STATUS,5 ;PUERTO DPUERTO D
0005   1303               M         BCF STATUS,6
0006   1D8C           00074         BTFSS PIR1,SSPIF    ;INTERRUPCIÓN I2C?
0007   2???           00075         GOTO END_INT
0008   118C           00076         BCF PIR1,SSPIF      ;LIMPIAR FLAG DE INTERRUPCION
                      00077 ;===============================================================================
                      00078 ;             MANEJO DE INTERRUPCIÓN I2C COMO ESCLAVO
                      00079 ;===============================================================================
0009                  00080 I2C_INT
                      00081         BANK1
0009   1683               M         BSF STATUS,5
000A   1303               M         BCF STATUS,6
Message[302]: Register in operand not in bank 0.  Ensure that bank bits are correct.
000B   1914           00082         BTFSC SSPSTAT,R_W   ;ES LECTURA O ESCRITURA?
000C   2???           00083         GOTO END_INT
                      00084         
Message[302]: Register in operand not in bank 0.  Ensure that bank bits are correct.
000D   1C14           00085         BTFSS SSPSTAT,BF    ;EL BUFFER TIENE DATOS?
000E   2???           00086         GOTO END_INT        
                      00087         
Message[302]: Register in operand not in bank 0.  Ensure that bank bits are correct.
000F   1E94           00088         BTFSS SSPSTAT,D_A   ;ES DIRECCIÓN O DATO?
MPASM 5.82              JUEGO5X5_ESCLAVO.ASM   11-13-2018  0:07:54         PAGE  3


LOC  OBJECT CODE     LINE SOURCE TEXT
  VALUE

0010   2???           00089         GOTO I2C_ADDRESS    ;RUTINA DE LECTURA DE DIRECCIÓN
                      00090         
                      00091         BANK0
0011   1283               M         BCF STATUS,5 ;PUERTO DPUERTO D
0012   1303               M         BCF STATUS,6
0013   0813           00092         MOVF SSPBUF,W       ;SE LEE EL DATO
0014   2???           00093         CALL PROGRAMA
                      00094 
                      00095         BANK1
0015   1683               M         BSF STATUS,5
0016   1303               M         BCF STATUS,6
Message[302]: Register in operand not in bank 0.  Ensure that bank bits are correct.
0017   1014           00096         BCF SSPSTAT,BF      ; SE LIMPIA BANDERA Y ENVÍA ACK
0018   2???           00097         GOTO END_INT
0019                  00098 I2C_ADDRESS
                      00099         BANK0
0019   1283               M         BCF STATUS,5 ;PUERTO DPUERTO D
001A   1303               M         BCF STATUS,6
001B   0813           00100         MOVF SSPBUF,W
001C                  00101 END_INT
                      00102         ;ClSPort
001C   0009           00103         RETFIE
                      00104 ;===============================================================================
                      00105 ;               Equivalencia numerica de los bombillos  
                      00106 ;=============================================================================== 
001D                  00107 BombilloResp
001D   0782           00108         ADDWF PCL,F
001E   3400 3401 3402 00109         DT  .0,  .1,  .2,   .3, .4 
       3403 3404 
                      00110             ;RA0 RA1  RA2  RA3  RA4
                      00111             
0023   3405 3406 3407 00112         DT  .5,  .6,   .7,  .8, .9 
       3408 3409 
                      00113             ;RA5 RA6  RA7  RB0  RB1
                      00114             
0028   340A 340B 340C 00115         DT  .10, .11, .12, .13, .14
       340D 340E 
                      00116             ;RB2 RB3  RB4  RB5  RB6
                      00117             
002D   340F 3410 3411 00118         DT .15,  .16, .17, .18, .19
       3412 3413 
                      00119             ;RB7 RD0  RD1  RD2  RD3
                      00120             
0032   3414 3415 3416 00121         DT  .20, .21, .22, .23, .24     
       3417 3418 
                      00122             ;RD4 RD5  RD6  RD7  RE0
0037                  00123 END_BombilloResp
                      00124 ;===============================================================================            
0037                  00125 GusanoHrztl
0037   0782           00126         ADDWF PCL,F    
0038   3400 3401 3402 00127         DT  .00, .01, .02, .03, .04
       3403 3404 
003D   3409 3408 3407 00128         DT  .09, .08, .07, .06, .05
MPASM 5.82              JUEGO5X5_ESCLAVO.ASM   11-13-2018  0:07:54         PAGE  4


LOC  OBJECT CODE     LINE SOURCE TEXT
  VALUE

       3406 3405 
0042   340A 340B 340C 00129         DT  .10, .11, .12, .13, .14
       340D 340E 
0047   3413 3412 3411 00130         DT  .19, .18, .17, .16, .15 
       3410 340F 
004C   3414 3415 3416 00131         DT  .20, .21, .22, .23, .24
       3417 3418 
0051                  00132 END_GusanoHrztl
                      00133 ;===============================================================================        
0051                  00134 GusanoDiagnl
0051   0782           00135         ADDWF PCL,F
0052   3400 3401 3405 00136         DT  .00, .01, .05, .10, .06
       340A 3406 
0057   3402 3403 3407 00137         DT  .02, .03, .07, .11, .15
       340B 340F 
005C   3414 3410 340C 00138         DT  .20, .16, .12, .08, .04
       3408 3404 
0061   3409 340D 3411 00139         DT  .09, .13, .17, .21, .22
       3415 3416 
0066   3412 340E 3413 00140         DT  .18, .14, .19, .23, .24
       3417 3418 
006B                  00141 END_GusanoDiagnl
                      00142 ;===============================================================================
006B                  00143 GusanoVertcl
006B   0782           00144         ADDWF PCL,F
006C   3400 3405 340A 00145         DT  .00, .05, .10, .15, .20
       340F 3414 
0071   3401 3406 340B 00146         DT  .01, .06, .11, .16, .21
       3410 3415 
0076   3402 3407 340C 00147         DT  .02, .07, .12, .17, .22
       3411 3416 
007B   3403 3408 340D 00148         DT  .03, .08, .13, .18, .23
       3412 3417 
0080   3404 3409 340E 00149         DT  .04, .09, .14, .19, .24
       3413 3418 
0085                  00150 END_GusanoVertcl        
                      00151 ;===============================================================================
                      00152         
0085                  00153 SALIDAPTO
0085   0782           00154         ADDWF PCL,F
0086   3401 3402 3404 00155         DT  .01, .02, .04, .08, 10H
       3408 3410 
008B   3420 3440 3480 00156         DT  20H, 40H, 80H, .01, .02
       3401 3402 
0090   3404 3408 3410 00157         DT  .04, .08, 10H, 20H, 40H
       3420 3440 
0095   3480 3401 3402 00158         DT  80H, .01, .02, .04, .08
       3404 3408 
009A   3410 3420 3440 00159         DT  10H, 20H, 40H, 80H, .01
       3480 3401 
009F                  00160 END_SALIDAPTO
                      00161 
                      00162         
MPASM 5.82              JUEGO5X5_ESCLAVO.ASM   11-13-2018  0:07:54         PAGE  5


LOC  OBJECT CODE     LINE SOURCE TEXT
  VALUE

                      00163 ;===============================================================================
                      00164 ;             INICIO
                      00165 ;===============================================================================        
009F                  00166 INICIO
                      00167         DigPort
                          M         BANK3
009F   1683               M         BSF STATUS,5
00A0   1703               M         BSF STATUS,6
Message[302]: Register in operand not in bank 0.  Ensure that bank bits are correct.
00A1   0188               M         CLRF ANSEL
Message[302]: Register in operand not in bank 0.  Ensure that bank bits are correct.
00A2   0189               M         CLRF ANSELH
                      00168         BANK1
00A3   1683               M         BSF STATUS,5
00A4   1303               M         BCF STATUS,6
Message[302]: Register in operand not in bank 0.  Ensure that bank bits are correct.
00A5   0185           00169         CLRF TRISA
Message[302]: Register in operand not in bank 0.  Ensure that bank bits are correct.
00A6   0186           00170         CLRF TRISB
Message[302]: Register in operand not in bank 0.  Ensure that bank bits are correct.
00A7   0188           00171         CLRF TRISD
Message[302]: Register in operand not in bank 0.  Ensure that bank bits are correct.
00A8   0189           00172         CLRF TRISE
00A9   3018           00173         MOVLW B'00011000'    
Message[302]: Register in operand not in bank 0.  Ensure that bank bits are correct.
00AA   0087           00174         MOVWF TRISC
                      00175         ClSPort
                          M         BANK0
00AB   1283               M         BCF STATUS,5 ;PUERTO DPUERTO D
00AC   1303               M         BCF STATUS,6
00AD   0187               M         CLRF PORTC
00AE   0186               M         CLRF PORTB
00AF   0185               M         CLRF PORTA
00B0   0188               M         CLRF PORTD
00B1   0189               M         CLRF PORTE
                      00176         
                      00177         BANK1
00B2   1683               M         BSF STATUS,5
00B3   1303               M         BCF STATUS,6
Message[302]: Register in operand not in bank 0.  Ensure that bank bits are correct.
00B4   158C           00178         BSF PIE1,3          ;HABILITA INTERRUPCIONES I2C
00B5   30C0           00179         MOVLW B'11000000'   ;HABILITA INTERRUPCIONES GENERALES
00B6   008B           00180         MOVWF INTCON
00B7   30C0           00181         MOVLW B'11000000'   ;DIRECCIÓN DEL EESCLAVO I2C
00B8   2???           00182         CALL I2C_INIT_SLAVE
00B9   2???           00183         CALL RETARDO_20MS
                      00184 
00BA                  00185 repite  
00BA   170B           00186         BSF INTCON,PEIE
00BB   178B           00187         BSF INTCON,GIE
                      00188         ;call salt
                      00189         ;
00BC   0063           00190         SLEEP           ;SE DESPETARA SOLO AL TENER LA INTERURPCION POR I2C
MPASM 5.82              JUEGO5X5_ESCLAVO.ASM   11-13-2018  0:07:54         PAGE  6


LOC  OBJECT CODE     LINE SOURCE TEXT
  VALUE

00BD   2???           00191         goto repite
                      00192         
                      00193 ;$$$$$$$$$$$$$$$$$$$$$$$$$$$$$$$$$$$$$$$$$$$$$$$$$$$$$$$$$$$$$$$$$$$$$$$$$$$$$$$$       
                      00194 ; LECTURA DEL PUERTO A ENCENDER EL BOMBILLO POR RANGOS,  SE SELECCIONA EL PUERTO
                      00195 ; CON ESTOS VALORES [0,..7] Pto A, [8,..15] Pto B, [16..23] Pto D, [24] Pto E
                      00196 ; ESTA FUNCION ES PARA ENCENDER EL ACIERTO Y EL LLAMADO DE ATENCION
                      00197 ;$$$$$$$$$$$$$$$$$$$$$$$$$$$$$$$$$$$$$$$$$$$$$$$$$$$$$$$$$$$$$$$$$$$$$$$$$$$$$$$$       
00BE                  00198 PROGRAMA        
00BE   00A1           00199         MOVWF DATO     ; CARGA EN DATO EL VALOR DE W
00BF   0821           00200         MOVF  DATO,W    
00C0   3C07           00201         SUBLW .07       ; SI es menor se ejecuta puerto A     
00C1   1C03           00202         BTFSS STATUS,C  ; C = 1 W <= k
00C2   2???           00203         GOTO OTROPTB
                      00204 
00C3   0821           00205         MOVF  DATO,W
00C4   2???           00206         CALL SALIDAPTO 
                      00207         ClSPort
                          M         BANK0
00C5   1283               M         BCF STATUS,5 ;PUERTO DPUERTO D
00C6   1303               M         BCF STATUS,6
00C7   0187               M         CLRF PORTC
00C8   0186               M         CLRF PORTB
00C9   0185               M         CLRF PORTA
00CA   0188               M         CLRF PORTD
00CB   0189               M         CLRF PORTE
00CC   0085           00208         MOVWF PORTA
00CD   2???           00209         CALL cuatoSeg
00CE   0008           00210         RETURN
                      00211         
00CF                  00212 OTROPTB 
00CF   0821           00213         MOVF  DATO,W
00D0   3C0F           00214         SUBLW .15       ; SI es menor se ejecuta puerto B
00D1   1C03           00215         BTFSS STATUS,C  ; C = 1 W <= k
00D2   2???           00216         GOTO OTROPTOD
                      00217         
00D3   0821           00218         MOVF  DATO,W
00D4   2???           00219         CALL SALIDAPTO 
                      00220         ClSPort
                          M         BANK0
00D5   1283               M         BCF STATUS,5 ;PUERTO DPUERTO D
00D6   1303               M         BCF STATUS,6
00D7   0187               M         CLRF PORTC
00D8   0186               M         CLRF PORTB
00D9   0185               M         CLRF PORTA
00DA   0188               M         CLRF PORTD
00DB   0189               M         CLRF PORTE
00DC   0086           00221         MOVWF PORTB
00DD   2???           00222         CALL cuatoSeg
00DE   0008           00223         RETURN
                      00224 
00DF                  00225 OTROPTOD
00DF   0821           00226         MOVF  DATO,W
00E0   3C17           00227         SUBLW .23       ; SI es menor se ejecuta puerto D
MPASM 5.82              JUEGO5X5_ESCLAVO.ASM   11-13-2018  0:07:54         PAGE  7


LOC  OBJECT CODE     LINE SOURCE TEXT
  VALUE

00E1   1C03           00228         BTFSS STATUS,C  ; C = 1 W <= k
00E2   2???           00229         GOTO OTROPTOE
                      00230         
00E3   0821           00231         MOVF  DATO,W
00E4   2???           00232         CALL SALIDAPTO
                      00233         ClSPort
                          M         BANK0
00E5   1283               M         BCF STATUS,5 ;PUERTO DPUERTO D
00E6   1303               M         BCF STATUS,6
00E7   0187               M         CLRF PORTC
00E8   0186               M         CLRF PORTB
00E9   0185               M         CLRF PORTA
00EA   0188               M         CLRF PORTD
00EB   0189               M         CLRF PORTE
00EC   0088           00234         MOVWF PORTD
00ED   2???           00235         CALL cuatoSeg
00EE   0008           00236         RETURN
                      00237 
00EF                  00238 OTROPTOE
00EF   0821           00239         MOVF  DATO,W
00F0   3C18           00240         SUBLW .24       
00F1   1D03           00241         BTFSS STATUS,Z  ; Z = 1 W = k
                      00242         
00F2   2???           00243         GOTO gusanos
                      00244         
00F3   0821           00245         MOVF  DATO,W    ; SI es 24 se ejecuta puerto E
00F4   2???           00246         CALL SALIDAPTO
                      00247         ClSPort
                          M         BANK0
00F5   1283               M         BCF STATUS,5 ;PUERTO DPUERTO D
00F6   1303               M         BCF STATUS,6
00F7   0187               M         CLRF PORTC
00F8   0186               M         CLRF PORTB
00F9   0185               M         CLRF PORTA
00FA   0188               M         CLRF PORTD
00FB   0189               M         CLRF PORTE
00FC   1409           00248         BSF PORTE,0
00FD   2???           00249         CALL cuatoSeg
                      00250         
                      00251 ;===============================================================================
00FE                  00252 gusanos  ;#30, 31, 32
                      00253 ;===============================================================================
00FE   0821           00254         MOVF  DATO,W
00FF   3C30           00255         SUBLW 0x30      
0100   1D03           00256         BTFSS STATUS,Z  
0101   2???           00257         GOTO gusan01
0102   2???           00258         CALL GUSANO1
0103   2???           00259         goto next
                      00260         
0104                  00261 gusan01 
0104   0821           00262         MOVF  DATO,W
0105   3C31           00263         SUBLW 0x31      
0106   1D03           00264         BTFSS STATUS,Z
MPASM 5.82              JUEGO5X5_ESCLAVO.ASM   11-13-2018  0:07:54         PAGE  8


LOC  OBJECT CODE     LINE SOURCE TEXT
  VALUE

0107   2???           00265         GOTO gusan02
0108   2???           00266         CALL GUSANO3
0109   2???           00267         goto next
                      00268         
010A                  00269 gusan02
010A   0821           00270         MOVF  DATO,W
010B   3C32           00271         SUBLW 0x32      
010C   1D03           00272         BTFSS STATUS,Z
010D   2???           00273         GOTO FILA1
010E   2???           00274         CALL GUSANO5
010F   2???           00275         goto next
                      00276         
0110                  00277 FILA1
0110   0821           00278         MOVF  DATO,W
0111   3C50           00279         SUBLW 0x50      
0112   1D03           00280         BTFSS STATUS,Z  
0113   2???           00281         GOTO FILA2
0114   301F           00282         MOVLW B'00011111'
0115   0085           00283         MOVWF PORTA
0116   2???           00284         goto next       
0117                  00285 FILA2
0117   0821           00286         MOVF  DATO,W
0118   3C51           00287         SUBLW 0x51      
0119   1D03           00288         BTFSS STATUS,Z  
011A   2???           00289         GOTO FILA3
                      00290         
011B   30E0           00291         MOVLW 0E0H
011C   0085           00292         MOVWF PORTA
                      00293         
011D   3003           00294         MOVLW B'00000011'
011E   0086           00295         MOVWF PORTB
011F   2???           00296         goto next
                      00297 
0120                  00298 FILA3
0120   0821           00299         MOVF  DATO,W
0121   3C52           00300         SUBLW 0x52      
0122   1D03           00301         BTFSS STATUS,Z  
0123   2???           00302         GOTO FILA4
0124   307C           00303         MOVLW B'01111100'
0125   0086           00304         MOVWF PORTB
0126   2???           00305         goto next
                      00306         
0127                  00307 FILA4
0127   0821           00308         MOVF  DATO,W
0128   3C53           00309         SUBLW 0x53      
0129   1D03           00310         BTFSS STATUS,Z  
012A   2???           00311         GOTO FILA5
012B   3080           00312         MOVLW B'10000000'
012C   0086           00313         MOVWF PORTB
012D   300F           00314         MOVLW B'00001111'
012E   0088           00315         MOVWF PORTD
012F   2???           00316         goto next
0130                  00317 FILA5
MPASM 5.82              JUEGO5X5_ESCLAVO.ASM   11-13-2018  0:07:54         PAGE  9


LOC  OBJECT CODE     LINE SOURCE TEXT
  VALUE

0130   0821           00318         MOVF  DATO,W
0131   3C54           00319         SUBLW 0x54      
0132   1D03           00320         BTFSS STATUS,Z  
0133   2???           00321         GOTO next
0134   30F0           00322         MOVLW B'11110000'
0135   0088           00323         MOVWF PORTD
0136   3001           00324         MOVLW B'0001'
0137   0089           00325         MOVWF PORTE
                      00326                 
0138   0008           00327 next    RETURN  
                      00328         
                      00329         
                      00330 ;$$$$$$$$$$$$$$$$$$$$$$$$$$$$$$$$$$$$$$$$$$$$$$$$$$$$$$$$$$$$$$$$$$$$$$$$$$$$$$$$       
0139                  00331 GUSANO1
                      00332         
0139   3000           00333         MOVLW   .00
013A   00A4           00334         MOVWF   DATO4
013B   0824           00335 OTRO    MOVF    DATO4,W
013C   2???           00336         CALL    GusanoHrztl
013D   2???           00337         CALL    PROGRAMA
013E   0AA4           00338         INCF    DATO4,F
013F   0824           00339         MOVF    DATO4,W
0140   3C19           00340         SUBLW   .25
0141   1D03           00341         BTFSS   STATUS,Z
0142   2???           00342         GOTO    OTRO
0143                  00343 GUSANO2         
0143   3018           00344         MOVLW .24 
0144   00A4           00345         MOVWF DATO4
0145   0824           00346 OTRO1   MOVF  DATO4,W
0146   2???           00347         CALL GusanoHrztl
0147   2???           00348         CALL PROGRAMA
0148   03A4           00349         DECF DATO4,F
0149   0824           00350         MOVF DATO4,W
014A   3CFF           00351         SUBLW 0xFF
014B   1D03           00352         BTFSS STATUS,Z
014C   2???           00353         GOTO OTRO1
                      00354         ClSPort
                          M         BANK0
014D   1283               M         BCF STATUS,5 ;PUERTO DPUERTO D
014E   1303               M         BCF STATUS,6
014F   0187               M         CLRF PORTC
0150   0186               M         CLRF PORTB
0151   0185               M         CLRF PORTA
0152   0188               M         CLRF PORTD
0153   0189               M         CLRF PORTE
0154   0008           00355         RETURN
                      00356 ;$$$$$$$$$$$$$$$$$$$$$$$$$$$$$$$$$$$$$$$$$$$$$$$$$$$$$$$$$$$$$$$$$$$$$$$$$$$$$$$$               
0155                  00357 GUSANO3
0155   01A4           00358         CLRF DATO4
0156   0824           00359 OTRO2   MOVF  DATO4,W
0157   2???           00360         CALL GusanoDiagnl
0158   2???           00361         CALL PROGRAMA
0159   0AA4           00362         INCF DATO4,F
MPASM 5.82              JUEGO5X5_ESCLAVO.ASM   11-13-2018  0:07:54         PAGE 10


LOC  OBJECT CODE     LINE SOURCE TEXT
  VALUE

015A   0824           00363         MOVF DATO4,W
015B   3C19           00364         SUBLW .25
015C   1D03           00365         BTFSS STATUS,Z
015D   2???           00366         GOTO OTRO2
015E                  00367 GUSANO4         
015E   3018           00368         MOVLW .24 
015F   00A4           00369         MOVWF DATO4
0160   0824           00370 OTRO3   MOVF  DATO4,W
0161   2???           00371         CALL GusanoDiagnl
0162   2???           00372         CALL PROGRAMA
0163   03A4           00373         DECF DATO4,F
0164   0824           00374         MOVF DATO4,W
0165   3CFF           00375         SUBLW 0xFF
0166   1D03           00376         BTFSS STATUS,Z
0167   2???           00377         GOTO OTRO3
                      00378         ClSPort
                          M         BANK0
0168   1283               M         BCF STATUS,5 ;PUERTO DPUERTO D
0169   1303               M         BCF STATUS,6
016A   0187               M         CLRF PORTC
016B   0186               M         CLRF PORTB
016C   0185               M         CLRF PORTA
016D   0188               M         CLRF PORTD
016E   0189               M         CLRF PORTE
016F   0008           00379         RETURN
                      00380 ;$$$$$$$$$$$$$$$$$$$$$$$$$$$$$$$$$$$$$$$$$$$$$$$$$$$$$$$$$$$$$$$$$$$$$$$$$$$$$$$$               
0170                  00381 GUSANO5
0170   01A4           00382         CLRF DATO4
0171   0824           00383 OTRO4   MOVF  DATO4,W
0172   2???           00384         CALL GusanoVertcl
0173   2???           00385         CALL PROGRAMA
0174   0AA4           00386         INCF DATO4,F
0175   0824           00387         MOVF DATO4,W
0176   3C19           00388         SUBLW .25
0177   1D03           00389         BTFSS STATUS,Z
0178   2???           00390         GOTO OTRO4
0179                  00391 GUSANO6         
0179   3018           00392         MOVLW .24 
017A   00A4           00393         MOVWF DATO4
017B   0824           00394 OTRO5   MOVF  DATO4,W
017C   2???           00395         CALL GusanoVertcl
017D   2???           00396         CALL PROGRAMA
017E   03A4           00397         DECF DATO4,F
017F   0824           00398         MOVF DATO4,W
0180   3CFF           00399         SUBLW 0xFF
0181   1D03           00400         BTFSS STATUS,Z
0182   2???           00401         GOTO OTRO5
                      00402         ClSPort
                          M         BANK0
0183   1283               M         BCF STATUS,5 ;PUERTO DPUERTO D
0184   1303               M         BCF STATUS,6
0185   0187               M         CLRF PORTC
0186   0186               M         CLRF PORTB
MPASM 5.82              JUEGO5X5_ESCLAVO.ASM   11-13-2018  0:07:54         PAGE 11


LOC  OBJECT CODE     LINE SOURCE TEXT
  VALUE

0187   0185               M         CLRF PORTA
0188   0188               M         CLRF PORTD
0189   0189               M         CLRF PORTE
018A   0008           00403         RETURN
                      00404 ;$$$$$$$$$$$$$$$$$$$$$$$$$$$$$$$$$$$$$$$$$$$$$$$$$$$$$$$$$$$$$$$$$$$$$$$$$$$$$$$$       
018B                  00405 RETARDO_20MS
                      00406         BANK0
018B   1283               M         BCF STATUS,5 ;PUERTO DPUERTO D
018C   1303               M         BCF STATUS,6
018D   3014           00407         MOVLW .20
018E   00F2           00408         MOVWF CONTA_2
018F   30FA           00409         MOVLW .250
0190   00F1           00410         MOVWF CONTA_1
0191   0000           00411         NOP
0192   0BF1           00412         DECFSZ CONTA_1,F
0193   2???           00413         GOTO $-.2
0194   0BF2           00414         DECFSZ CONTA_2,F
0195   2???           00415         GOTO $-.6
0196   0008           00416         RETURN 
                      00417         
                      00418 ;############################################################################## 
0197                  00419 cuatoSeg
                      00420         
                      00421         BANK0
0197   1283               M         BCF STATUS,5 ;PUERTO DPUERTO D
0198   1303               M         BCF STATUS,6
0199   3032           00422         MOVLW .50
019A   00F3           00423         MOVWF CONTA_3
019B   2???           00424         CALL RETARDO_20MS
019C   0000           00425         NOP
019D   0BF3           00426         DECFSZ CONTA_3,F
019E   2???           00427         GOTO $-.3       
019F   0008           00428         return
                      00429 ;############################################################################## 
                      00430         #include "I2C.INC"
                      00001 
Message[313]: CBLOCK constants will start with a value of 0.
                      00002         CBLOCK
  00000000            00003         DataOutput
                      00004         ENDC
                      00005         
                      00006 ;===============================================================================
                      00007 ;                       CONFIGURA EL PIC COMO MAESTRO I2C 
                      00008 ;===============================================================================
01A0                  00009 I2C_INIT_MASTER
                      00010         BANK1
01A0   1683               M         BSF STATUS,5
01A1   1303               M         BCF STATUS,6
                      00011 
Message[302]: Register in operand not in bank 0.  Ensure that bank bits are correct.
01A2   1587           00012         BSF TRISC,3         ;SDA COMO ENTRADA
Message[302]: Register in operand not in bank 0.  Ensure that bank bits are correct.
01A3   1607           00013         BSF TRISC,4         ;SCL COMO ENTRADA
MPASM 5.82              JUEGO5X5_ESCLAVO.ASM   11-13-2018  0:07:54         PAGE 12


LOC  OBJECT CODE     LINE SOURCE TEXT
  VALUE

                      00014             
01A4   3009           00015         MOVLW 0x09          ;(FOSC/(4*BAUD_RATE))-1 -> (4000000/(4*100000))-1   
Message[302]: Register in operand not in bank 0.  Ensure that bank bits are correct.
01A5   0093           00016         MOVWF SSPADD        ;BAUD_RATE 100 Khz para 4Mhz
                      00017         
01A6   3080           00018         MOVLW B'10000000'   
Message[302]: Register in operand not in bank 0.  Ensure that bank bits are correct.
01A7   0094           00019         MOVWF SSPSTAT       ;DESHABILITA CONTROL DE VARIACIONES PARA VELOCIDAD ESTÁNDAR (100kHz).
                      00020         
Message[302]: Register in operand not in bank 0.  Ensure that bank bits are correct.
01A8   0191           00021         CLRF SSPCON2        ;CONDICIONES INICIALES EN CERO, LLAMADA GENERAL DESHABILITADA
                      00022         
                      00023         BANK0
01A9   1283               M         BCF STATUS,5 ;PUERTO DPUERTO D
01AA   1303               M         BCF STATUS,6
01AB   3028           00024         MOVLW B'00101000'   
01AC   0094           00025         MOVWF SSPCON        ;SELECCIONA Y HABILITA I2C EN MODO MAESTRO
                      00026         
01AD   118C           00027         BCF PIR1,SSPIF      
01AE   118C           00028         BCF PIR1,BCLIF
                      00029         
01AF   0008           00030         RETURN
                      00031 ;===============================================================================
                      00032 ;                       CONFIGURA EL PIC COMO ESCLAVO I2C 
                      00033 ;===============================================================================
01B0                  00034 I2C_INIT_SLAVE
                      00035         BANK1
01B0   1683               M         BSF STATUS,5
01B1   1303               M         BCF STATUS,6
Message[302]: Register in operand not in bank 0.  Ensure that bank bits are correct.
01B2   1587           00036         BSF TRISC,3
Message[302]: Register in operand not in bank 0.  Ensure that bank bits are correct.
01B3   1607           00037         BSF TRISC,4
                      00038         
                      00039         ;MOVLW B'11000000'
Message[302]: Register in operand not in bank 0.  Ensure that bank bits are correct.
01B4   0093           00040         MOVWF SSPADD        ;SE CARGA LA DIRECCIÓN DEL ESCLAVO EN W AL HACER EL LLAMADO
                      00041         
01B5   3080           00042         MOVLW B'10000000'   ;DESHABILITA CONTROL DE VARIACIONES PARA VELOCIDAD ESTÁNDAR (100kHz).
Message[302]: Register in operand not in bank 0.  Ensure that bank bits are correct.
01B6   0094           00043         MOVWF SSPSTAT
                      00044         
Message[302]: Register in operand not in bank 0.  Ensure that bank bits are correct.
01B7   0191           00045         CLRF SSPCON2        ;CONDICIONES INICIALES EN CERO, LLAMADA GENERAL DESHABILITADA
                      00046         
                      00047         BANK0
01B8   1283               M         BCF STATUS,5 ;PUERTO DPUERTO D
01B9   1303               M         BCF STATUS,6
01BA   3026           00048         MOVLW B'00100110'
01BB   0094           00049         MOVWF SSPCON        ;SELECCIONA Y HABILITA I2C EN MODO ESCLAVO CON DIRECCIÓN DE 7 BITS
                      00050         
01BC   118C           00051         BCF PIR1,SSPIF
01BD   118C           00052         BCF PIR1,BCLIF
MPASM 5.82              JUEGO5X5_ESCLAVO.ASM   11-13-2018  0:07:54         PAGE 13


LOC  OBJECT CODE     LINE SOURCE TEXT
  VALUE

                      00053                 
01BE   0008           00054         RETURN
                      00055 ;===============================================================================
                      00056 ;                       INICIA LA COMUNICACIÓN I2C
                      00057 ;===============================================================================        
01BF                  00058 I2C_START_MASTER
                      00059         BANK0
01BF   1283               M         BCF STATUS,5 ;PUERTO DPUERTO D
01C0   1303               M         BCF STATUS,6
01C1   118C           00060         BCF PIR1,SSPIF
                      00061         BANK1
01C2   1683               M         BSF STATUS,5
01C3   1303               M         BCF STATUS,6
Message[302]: Register in operand not in bank 0.  Ensure that bank bits are correct.
01C4   1411           00062         BSF SSPCON2,SEN     ;ENVÍA LA CONDICIÓN DE INICIO
                      00063         BANK0
01C5   1283               M         BCF STATUS,5 ;PUERTO DPUERTO D
01C6   1303               M         BCF STATUS,6
01C7                  00064 i2c_start_wait
Message[302]: Register in operand not in bank 0.  Ensure that bank bits are correct.
01C7   1811           00065         BTFSC SSPCON2,SEN   ;TERMINÓ DE ESTABLECER LA CONDICIÓN DE INICIO?
01C8   2???           00066         GOTO i2c_start_wait
                      00067         
01C9   0008           00068         RETURN
                      00069 ;===============================================================================
                      00070 ;                       TRANSMITE MENSAJE I2C
                      00071 ;===============================================================================
01CA                  00072 TX
                      00073         BANK0
01CA   1283               M         BCF STATUS,5 ;PUERTO DPUERTO D
01CB   1303               M         BCF STATUS,6
01CC   118C           00074         BCF PIR1,SSPIF
                      00075         
01CD   0800           00076         MOVF DataOutput,W   
01CE   0093           00077         MOVWF SSPBUF            ;CARGA MENSAJE PARA SER ENVIADO
                      00078         
01CF                  00079 tx_wait
01CF   1D8C           00080         BTFSS PIR1,SSPIF        ;YA SE ENVÍO EL MENSAJE?
01D0   2???           00081         GOTO tx_wait        
                      00082         
                      00083         BANK1
01D1   1683               M         BSF STATUS,5
01D2   1303               M         BCF STATUS,6
Message[302]: Register in operand not in bank 0.  Ensure that bank bits are correct.
01D3   1B11           00084         BTFSC SSPCON2,ACKSTAT   ;FUE RECONOCIDO EL ESCLAVO?
01D4   2???           00085         GOTO $-1
                      00086         
01D5   0008           00087         RETURN
                      00088 
                      00089 ;===============================================================================
                      00090 ;           ESTABLECE LA CONDICIÓN DE PARADA DE LA TRANSMISIÓN
                      00091 ;===============================================================================
01D6                  00092 BSTOP
MPASM 5.82              JUEGO5X5_ESCLAVO.ASM   11-13-2018  0:07:54         PAGE 14


LOC  OBJECT CODE     LINE SOURCE TEXT
  VALUE

                      00093         BANK0
01D6   1283               M         BCF STATUS,5 ;PUERTO DPUERTO D
01D7   1303               M         BCF STATUS,6
01D8   118C           00094         BCF PIR1,SSPIF
                      00095         BANK1
01D9   1683               M         BSF STATUS,5
01DA   1303               M         BCF STATUS,6
Message[302]: Register in operand not in bank 0.  Ensure that bank bits are correct.
01DB   1511           00096         BSF SSPCON2,PEN
                      00097         BANK0
01DC   1283               M         BCF STATUS,5 ;PUERTO DPUERTO D
01DD   1303               M         BCF STATUS,6
01DE                  00098 bstop_wait
01DE   1D8C           00099         BTFSS PIR1,SSPIF
01DF   2???           00100         GOTO bstop_wait
                      00101         
01E0   0008           00102         RETURN
                      00103 
                      00104 ;===============================================================================
                      00105 ;                       ENVÍA UN BYTE POR EL BUS I2C
                      00106 ;===============================================================================
01E1                  00107 BYTE_WRITE
01E1   2???           00108         CALL I2C_START_MASTER   ;INICIA LA COMUNIACIÓN
                      00109         BANK0
01E2   1283               M         BCF STATUS,5 ;PUERTO DPUERTO D
01E3   1303               M         BCF STATUS,6
01E4   0080           00110         MOVWF DataOutput        ;DATO CARGADO EN W ANTES DE LLAMAR LA RUTINA
01E5   2???           00111         CALL TX                 ;TRANSMITE
                      00112         BANK0
01E6   1283               M         BCF STATUS,5 ;PUERTO DPUERTO D
01E7   1303               M         BCF STATUS,6
01E8   0008           00113         RETURN
                      00114         
20F4 3EFF             00431         END
MPASM 5.82              JUEGO5X5_ESCLAVO.ASM   11-13-2018  0:07:54         PAGE 15


SYMBOL TABLE
  LABEL                             VALUE 

ABDEN                             00000000
ABDOVF                            00000007
ACKDT                             00000005
ACKEN                             00000004
ACKSTAT                           00000006
ADCON0                            0000001F
ADCON1                            0000009F
ADCS0                             00000006
ADCS1                             00000007
ADDEN                             00000003
ADFM                              00000007
ADIE                              00000006
ADIF                              00000006
ADON                              00000000
ADRESH                            0000001E
ADRESL                            0000009E
ANS0                              00000000
ANS1                              00000001
ANS10                             00000002
ANS11                             00000003
ANS12                             00000004
ANS13                             00000005
ANS2                              00000002
ANS3                              00000003
ANS4                              00000004
ANS5                              00000005
ANS6                              00000006
ANS7                              00000007
ANS8                              00000000
ANS9                              00000001
ANSEL                             00000188
ANSELH                            00000189
BANK0                             
BANK1                             
BANK2                             
BANK3                             
BAUDCTL                           00000187
BCLIE                             00000003
BCLIF                             00000003
BF                                00000000
BRG0                              00000000
BRG1                              00000001
BRG10                             00000002
BRG11                             00000003
BRG12                             00000004
BRG13                             00000005
BRG14                             00000006
BRG15                             00000007
BRG16                             00000003
BRG2                              00000002
BRG3                              00000003
BRG4                              00000004
BRG5                              00000005
MPASM 5.82              JUEGO5X5_ESCLAVO.ASM   11-13-2018  0:07:54         PAGE 16


SYMBOL TABLE
  LABEL                             VALUE 

BRG6                              00000006
BRG7                              00000007
BRG8                              00000000
BRG9                              00000001
BRGH                              00000002
BSTOP                             000001D6
BYTE_WRITE                        000001E1
BombilloResp                      0000001D
C                                 00000000
C1CH0                             00000000
C1CH1                             00000001
C1IE                              00000005
C1IF                              00000005
C1OE                              00000005
C1ON                              00000007
C1OUT                             00000006
C1POL                             00000004
C1R                               00000002
C1RSEL                            00000005
C1SEN                             00000005
C2CH0                             00000000
C2CH1                             00000001
C2IE                              00000006
C2IF                              00000006
C2OE                              00000005
C2ON                              00000007
C2OUT                             00000006
C2POL                             00000004
C2R                               00000002
C2REN                             00000004
C2RSEL                            00000004
C2SYNC                            00000000
CCP1CON                           00000017
CCP1IE                            00000002
CCP1IF                            00000002
CCP1M0                            00000000
CCP1M1                            00000001
CCP1M2                            00000002
CCP1M3                            00000003
CCP1X                             00000005
CCP1Y                             00000004
CCP2CON                           0000001D
CCP2IE                            00000000
CCP2IF                            00000000
CCP2M0                            00000000
CCP2M1                            00000001
CCP2M2                            00000002
CCP2M3                            00000003
CCP2X                             00000005
CCP2Y                             00000004
CCPR1                             00000015
CCPR1H                            00000016
CCPR1L                            00000015
MPASM 5.82              JUEGO5X5_ESCLAVO.ASM   11-13-2018  0:07:54         PAGE 17


SYMBOL TABLE
  LABEL                             VALUE 

CCPR2                             0000001B
CCPR2H                            0000001C
CCPR2L                            0000001B
CHS0                              00000002
CHS1                              00000003
CHS2                              00000004
CHS3                              00000005
CKE                               00000006
CKP                               00000004
CM1CON0                           00000107
CM2CON0                           00000108
CM2CON1                           00000109
CONTA_1                           00000071
CONTA_2                           00000072
CONTA_3                           00000073
CREN                              00000004
CSRC                              00000007
ClSPort                           
D                                 00000005
DATA_ADDRESS                      00000005
DATO                              00000021
DATO1                             00000022
DATO2                             00000023
DATO4                             00000024
DC                                00000001
DC1B0                             00000004
DC1B1                             00000005
DC2B0                             00000004
DC2B1                             00000005
D_A                               00000005
D_NOT_A                           00000005
DataOutput                        00000000
DigPort                           
ECCPAS                            0000009C
ECCPAS0                           00000004
ECCPAS1                           00000005
ECCPAS2                           00000006
ECCPASE                           00000007
EEADR                             0000010D
EEADRH                            0000010F
EECON1                            0000018C
EECON2                            0000018D
EEDAT                             0000010C
EEDATA                            0000010C
EEDATH                            0000010E
EEIE                              00000004
EEIF                              00000004
EEPGD                             00000007
END_BombilloResp                  00000037
END_GusanoDiagnl                  0000006B
END_GusanoHrztl                   00000051
END_GusanoVertcl                  00000085
END_INT                           0000001C
MPASM 5.82              JUEGO5X5_ESCLAVO.ASM   11-13-2018  0:07:54         PAGE 18


SYMBOL TABLE
  LABEL                             VALUE 

END_SALIDAPTO                     0000009F
F                                 00000001
FERR                              00000002
FILA1                             00000110
FILA2                             00000117
FILA3                             00000120
FILA4                             00000127
FILA5                             00000130
FSR                               00000004
FVREN                             00000000
GCEN                              00000007
GIE                               00000007
GO                                00000001
GO_DONE                           00000001
GO_NOT_DONE                       00000001
GUSANO1                           00000139
GUSANO2                           00000143
GUSANO3                           00000155
GUSANO4                           0000015E
GUSANO5                           00000170
GUSANO6                           00000179
GusanoDiagnl                      00000051
GusanoHrztl                       00000037
GusanoVertcl                      0000006B
HTS                               00000002
I2C_ADDRESS                       00000019
I2C_DATA                          00000005
I2C_INIT_MASTER                   000001A0
I2C_INIT_SLAVE                    000001B0
I2C_INT                           00000009
I2C_READ                          00000002
I2C_START                         00000003
I2C_START_MASTER                  000001BF
I2C_STOP                          00000004
INDF                              00000000
INICIO                            0000009F
INTCON                            0000000B
INTE                              00000004
INTEDG                            00000006
INTF                              00000001
IOCB                              00000096
IOCB0                             00000000
IOCB1                             00000001
IOCB2                             00000002
IOCB3                             00000003
IOCB4                             00000004
IOCB5                             00000005
IOCB6                             00000006
IOCB7                             00000007
IRCF0                             00000004
IRCF1                             00000005
IRCF2                             00000006
IRP                               00000007
MPASM 5.82              JUEGO5X5_ESCLAVO.ASM   11-13-2018  0:07:54         PAGE 19


SYMBOL TABLE
  LABEL                             VALUE 

LTS                               00000001
MC1OUT                            00000007
MC2OUT                            00000006
MSK                               00000093
MSK0                              00000000
MSK1                              00000001
MSK2                              00000002
MSK3                              00000003
MSK4                              00000004
MSK5                              00000005
MSK6                              00000006
MSK7                              00000007
NOT_A                             00000005
NOT_ADDRESS                       00000005
NOT_BO                            00000000
NOT_BOR                           00000000
NOT_DONE                          00000001
NOT_PD                            00000003
NOT_POR                           00000001
NOT_RBPU                          00000007
NOT_RC8                           00000006
NOT_T1SYNC                        00000002
NOT_TO                            00000004
NOT_TX8                           00000006
NOT_W                             00000002
NOT_WRITE                         00000002
OERR                              00000001
OPTION_REG                        00000081
OSCCON                            0000008F
OSCTUNE                           00000090
OSFIE                             00000007
OSFIF                             00000007
OSTS                              00000003
OTRO                              0000013B
OTRO1                             00000145
OTRO2                             00000156
OTRO3                             00000160
OTRO4                             00000171
OTRO5                             0000017B
OTROPTB                           000000CF
OTROPTOD                          000000DF
OTROPTOE                          000000EF
P                                 00000004
P1M0                              00000006
P1M1                              00000007
PCL                               00000002
PCLATH                            0000000A
PCON                              0000008E
PDC0                              00000000
PDC1                              00000001
PDC2                              00000002
PDC3                              00000003
PDC4                              00000004
MPASM 5.82              JUEGO5X5_ESCLAVO.ASM   11-13-2018  0:07:54         PAGE 20


SYMBOL TABLE
  LABEL                             VALUE 

PDC5                              00000005
PDC6                              00000006
PEIE                              00000006
PEN                               00000002
PIE1                              0000008C
PIE2                              0000008D
PIR1                              0000000C
PIR2                              0000000D
PORTA                             00000005
PORTB                             00000006
PORTC                             00000007
PORTD                             00000008
PORTE                             00000009
PR2                               00000092
PROGRAMA                          000000BE
PRSEN                             00000007
PS0                               00000000
PS1                               00000001
PS2                               00000002
PSA                               00000003
PSSAC0                            00000002
PSSAC1                            00000003
PSSBD0                            00000000
PSSBD1                            00000001
PSTRCON                           0000009D
PULSR                             00000002
PULSS                             00000003
PWM1CON                           0000009B
R                                 00000002
RA0                               00000000
RA1                               00000001
RA2                               00000002
RA3                               00000003
RA4                               00000004
RA5                               00000005
RA6                               00000006
RA7                               00000007
RB0                               00000000
RB1                               00000001
RB2                               00000002
RB3                               00000003
RB4                               00000004
RB5                               00000005
RB6                               00000006
RB7                               00000007
RBIE                              00000003
RBIF                              00000000
RC0                               00000000
RC1                               00000001
RC2                               00000002
RC3                               00000003
RC4                               00000004
RC5                               00000005
MPASM 5.82              JUEGO5X5_ESCLAVO.ASM   11-13-2018  0:07:54         PAGE 21


SYMBOL TABLE
  LABEL                             VALUE 

RC6                               00000006
RC7                               00000007
RC8_9                             00000006
RC9                               00000006
RCD8                              00000000
RCEN                              00000003
RCIDL                             00000006
RCIE                              00000005
RCIF                              00000005
RCREG                             0000001A
RCSTA                             00000018
RD                                00000000
RD0                               00000000
RD1                               00000001
RD2                               00000002
RD3                               00000003
RD4                               00000004
RD5                               00000005
RD6                               00000006
RD7                               00000007
RE0                               00000000
RE1                               00000001
RE2                               00000002
RE3                               00000003
READ_WRITE                        00000002
RETARDO_20MS                      0000018B
ROTABOM                           00000020
RP0                               00000005
RP1                               00000006
RSEN                              00000001
RX9                               00000006
RX9D                              00000000
R_NOT_W                           00000002
R_W                               00000002
S                                 00000003
SALIDAPTO                         00000085
SBOREN                            00000004
SCKP                              00000004
SCS                               00000000
SEN                               00000000
SENDB                             00000003
SMP                               00000007
SPBRG                             00000099
SPBRGH                            0000009A
SPEN                              00000007
SR0                               00000006
SR1                               00000007
SRCON                             00000185
SREN                              00000005
SSPADD                            00000093
SSPBUF                            00000013
SSPCON                            00000014
SSPCON2                           00000091
MPASM 5.82              JUEGO5X5_ESCLAVO.ASM   11-13-2018  0:07:54         PAGE 22


SYMBOL TABLE
  LABEL                             VALUE 

SSPEN                             00000005
SSPIE                             00000003
SSPIF                             00000003
SSPM0                             00000000
SSPM1                             00000001
SSPM2                             00000002
SSPM3                             00000003
SSPMSK                            00000093
SSPOV                             00000006
SSPSTAT                           00000094
STATUS                            00000003
STRA                              00000000
STRB                              00000001
STRC                              00000002
STRD                              00000003
STRSYNC                           00000004
SWDTEN                            00000000
SYNC                              00000004
T0CS                              00000005
T0IE                              00000005
T0IF                              00000002
T0SE                              00000004
T1CKPS0                           00000004
T1CKPS1                           00000005
T1CON                             00000010
T1GINV                            00000007
T1GIV                             00000007
T1GSS                             00000001
T1INSYNC                          00000002
T1OSCEN                           00000003
T1SYNC                            00000002
T2CKPS0                           00000000
T2CKPS1                           00000001
T2CON                             00000012
TMR0                              00000001
TMR0IE                            00000005
TMR0IF                            00000002
TMR1                              0000000E
TMR1CS                            00000001
TMR1GE                            00000006
TMR1H                             0000000F
TMR1IE                            00000000
TMR1IF                            00000000
TMR1L                             0000000E
TMR1ON                            00000000
TMR2                              00000011
TMR2IE                            00000001
TMR2IF                            00000001
TMR2ON                            00000002
TOUTPS0                           00000003
TOUTPS1                           00000004
TOUTPS2                           00000005
TOUTPS3                           00000006
MPASM 5.82              JUEGO5X5_ESCLAVO.ASM   11-13-2018  0:07:54         PAGE 23


SYMBOL TABLE
  LABEL                             VALUE 

TRISA                             00000085
TRISA0                            00000000
TRISA1                            00000001
TRISA2                            00000002
TRISA3                            00000003
TRISA4                            00000004
TRISA5                            00000005
TRISA6                            00000006
TRISA7                            00000007
TRISB                             00000086
TRISB0                            00000000
TRISB1                            00000001
TRISB2                            00000002
TRISB3                            00000003
TRISB4                            00000004
TRISB5                            00000005
TRISB6                            00000006
TRISB7                            00000007
TRISC                             00000087
TRISC0                            00000000
TRISC1                            00000001
TRISC2                            00000002
TRISC3                            00000003
TRISC4                            00000004
TRISC5                            00000005
TRISC6                            00000006
TRISC7                            00000007
TRISD                             00000088
TRISD0                            00000000
TRISD1                            00000001
TRISD2                            00000002
TRISD3                            00000003
TRISD4                            00000004
TRISD5                            00000005
TRISD6                            00000006
TRISD7                            00000007
TRISE                             00000089
TRISE0                            00000000
TRISE1                            00000001
TRISE2                            00000002
TRISE3                            00000003
TRMT                              00000001
TUN0                              00000000
TUN1                              00000001
TUN2                              00000002
TUN3                              00000003
TUN4                              00000004
TX                                000001CA
TX8_9                             00000006
TX9                               00000006
TX9D                              00000000
TXD8                              00000000
TXEN                              00000005
MPASM 5.82              JUEGO5X5_ESCLAVO.ASM   11-13-2018  0:07:54         PAGE 24


SYMBOL TABLE
  LABEL                             VALUE 

TXIE                              00000004
TXIF                              00000004
TXREG                             00000019
TXSTA                             00000098
UA                                00000001
ULPWUE                            00000005
ULPWUIE                           00000002
ULPWUIF                           00000002
VCFG0                             00000004
VCFG1                             00000005
VR0                               00000000
VR1                               00000001
VR2                               00000002
VR3                               00000003
VRCON                             00000097
VREN                              00000007
VROE                              00000006
VRR                               00000005
VRSS                              00000004
W                                 00000000
WCOL                              00000007
WDTCON                            00000105
WDTPS0                            00000001
WDTPS1                            00000002
WDTPS2                            00000003
WDTPS3                            00000004
WPUB                              00000095
WPUB0                             00000000
WPUB1                             00000001
WPUB2                             00000002
WPUB3                             00000003
WPUB4                             00000004
WPUB5                             00000005
WPUB6                             00000006
WPUB7                             00000007
WR                                00000001
WREN                              00000002
WRERR                             00000003
WUE                               00000001
Z                                 00000002
_.org_1_0193                      00000193
_.org_1_0195                      00000195
_.org_1_019E                      0000019E
_.org_1_01D4                      000001D4
_BOR21V                           00003EFF
_BOR40V                           00003FFF
_BOR4V_BOR21V                     00003EFF
_BOR4V_BOR40V                     00003FFF
_BOREN_NSLEEP                     00003EFF
_BOREN_OFF                        00003CFF
_BOREN_ON                         00003FFF
_BOREN_SBODEN                     00003DFF
_BOR_NSLEEP                       00003EFF
MPASM 5.82              JUEGO5X5_ESCLAVO.ASM   11-13-2018  0:07:54         PAGE 25


SYMBOL TABLE
  LABEL                             VALUE 

_BOR_OFF                          00003CFF
_BOR_ON                           00003FFF
_BOR_SBODEN                       00003DFF
_CONFIG1                          00002007
_CONFIG2                          00002008
_CPD_OFF                          00003FFF
_CPD_ON                           00003F7F
_CP_OFF                           00003FFF
_CP_ON                            00003FBF
_DEBUG_OFF                        00003FFF
_DEBUG_ON                         00001FFF
_DEVID1                           00002006
_EC_OSC                           00003FFB
_EXTRC                            00003FFF
_EXTRCIO                          00003FFE
_EXTRC_OSC_CLKOUT                 00003FFF
_EXTRC_OSC_NOCLKOUT               00003FFE
_FCMEN_OFF                        000037FF
_FCMEN_ON                         00003FFF
_FOSC_EC                          00003FFB
_FOSC_EXTRC_CLKOUT                00003FFF
_FOSC_EXTRC_NOCLKOUT              00003FFE
_FOSC_HS                          00003FFA
_FOSC_INTRC_CLKOUT                00003FFD
_FOSC_INTRC_NOCLKOUT              00003FFC
_FOSC_LP                          00003FF8
_FOSC_XT                          00003FF9
_HS_OSC                           00003FFA
_IDLOC0                           00002000
_IDLOC1                           00002001
_IDLOC2                           00002002
_IDLOC3                           00002003
_IESO_OFF                         00003BFF
_IESO_ON                          00003FFF
_INTOSC                           00003FFD
_INTOSCIO                         00003FFC
_INTRC_OSC_CLKOUT                 00003FFD
_INTRC_OSC_NOCLKOUT               00003FFC
_LP_OSC                           00003FF8
_LVP_OFF                          00002FFF
_LVP_ON                           00003FFF
_MCLRE_OFF                        00003FDF
_MCLRE_ON                         00003FFF
_PWRTE_OFF                        00003FFF
_PWRTE_ON                         00003FEF
_WDTE_OFF                         00003FF7
_WDTE_ON                          00003FFF
_WDT_OFF                          00003FF7
_WDT_ON                           00003FFF
_WRT_1FOURTH                      00003BFF
_WRT_256                          00003DFF
_WRT_HALF                         000039FF
_WRT_OFF                          00003FFF
MPASM 5.82              JUEGO5X5_ESCLAVO.ASM   11-13-2018  0:07:54         PAGE 26


SYMBOL TABLE
  LABEL                             VALUE 

_XT_OSC                           00003FF9
__16F887                          00000001
bstop_wait                        000001DE
cuatoSeg                          00000197
gusan01                           00000104
gusan02                           0000010A
gusanos                           000000FE
i2c_start_wait                    000001C7
next                              00000138
repite                            000000BA
salt                              00000004
tx_wait                           000001CF

Errors   :     0
Warnings :     0 reported,     0 suppressed
Messages :    27 reported,     0 suppressed

